app/build/intermediates/manifest_merge_blame_file/debug/processDebugMainManifest/manifest-merger-blame-debug-report.txt
1<?xml version="1.0" encoding="utf-8"?>
2<manifest xmlns:android="http://schemas.android.com/apk/res/android"
3    package="com.riversongai.riversong"
4    android:versionCode="1"
5    android:versionName="1.0" >
6
7    <uses-sdk
8        android:minSdkVersion="26"
9        android:targetSdkVersion="34" />
10
11    <uses-permission android:name="android.permission.INTERNET" />
11-->src/main/AndroidManifest.xml:5:5-67
11-->src/main/AndroidManifest.xml:5:22-64
12    <uses-permission android:name="android.permission.ACCESS_NETWORK_STATE" />
12-->src/main/AndroidManifest.xml:6:5-79
12-->src/main/AndroidManifest.xml:6:22-76
13    <uses-permission android:name="android.permission.ACCESS_WIFI_STATE" />
13-->src/main/AndroidManifest.xml:7:5-76
13-->src/main/AndroidManifest.xml:7:22-73
14    <uses-permission android:name="android.permission.RECORD_AUDIO" />
14-->src/main/AndroidManifest.xml:9:5-71
14-->src/main/AndroidManifest.xml:9:22-68
15    <uses-permission android:name="android.permission.CAMERA" />
15-->src/main/AndroidManifest.xml:11:5-65
15-->src/main/AndroidManifest.xml:11:22-62
16
17    <uses-feature
17-->src/main/AndroidManifest.xml:12:5-85
18        android:name="android.hardware.camera"
18-->src/main/AndroidManifest.xml:12:19-57
19        android:required="false" />
19-->src/main/AndroidManifest.xml:12:58-82
20    <uses-feature
20-->src/main/AndroidManifest.xml:13:5-95
21        android:name="android.hardware.camera.autofocus"
21-->src/main/AndroidManifest.xml:13:19-67
22        android:required="false" />
22-->src/main/AndroidManifest.xml:13:68-92
23
24    <uses-permission android:name="android.permission.ACCESS_COARSE_LOCATION" />
24-->src/main/AndroidManifest.xml:15:5-81
24-->src/main/AndroidManifest.xml:15:22-78
25    <uses-permission android:name="android.permission.ACCESS_FINE_LOCATION" />
25-->src/main/AndroidManifest.xml:16:5-79
25-->src/main/AndroidManifest.xml:16:22-76
26    <uses-permission android:name="android.permission.ACCESS_BACKGROUND_LOCATION" />
26-->src/main/AndroidManifest.xml:17:5-85
26-->src/main/AndroidManifest.xml:17:22-82
27    <uses-permission android:name="android.permission.BLUETOOTH" />
27-->src/main/AndroidManifest.xml:19:5-68
27-->src/main/AndroidManifest.xml:19:22-65
28    <uses-permission android:name="android.permission.BLUETOOTH_ADMIN" />
28-->src/main/AndroidManifest.xml:20:5-74
28-->src/main/AndroidManifest.xml:20:22-71
29    <uses-permission android:name="android.permission.BLUETOOTH_SCAN" />
29-->src/main/AndroidManifest.xml:21:5-73
29-->src/main/AndroidManifest.xml:21:22-70
30    <uses-permission android:name="android.permission.BLUETOOTH_CONNECT" />
30-->src/main/AndroidManifest.xml:22:5-76
30-->src/main/AndroidManifest.xml:22:22-73
31    <uses-permission android:name="android.permission.BLUETOOTH_ADVERTISE" />
31-->src/main/AndroidManifest.xml:23:5-78
31-->src/main/AndroidManifest.xml:23:22-75
32    <uses-permission android:name="android.permission.POST_NOTIFICATIONS" />
32-->src/main/AndroidManifest.xml:25:5-77
32-->src/main/AndroidManifest.xml:25:22-74
33    <uses-permission android:name="android.permission.CHANGE_WIFI_STATE" />
33-->src/main/AndroidManifest.xml:27:5-76
33-->src/main/AndroidManifest.xml:27:22-73
34    <uses-permission android:name="android.permission.CHANGE_NETWORK_STATE" />
34-->src/main/AndroidManifest.xml:28:5-79
34-->src/main/AndroidManifest.xml:28:22-76
35    <uses-permission android:name="android.permission.WAKE_LOCK" />
35-->src/main/AndroidManifest.xml:29:5-68
35-->src/main/AndroidManifest.xml:29:22-65
36    <uses-permission android:name="android.permission.READ_EXTERNAL_STORAGE" />
36-->src/main/AndroidManifest.xml:31:5-80
36-->src/main/AndroidManifest.xml:31:22-77
37    <uses-permission android:name="android.permission.WRITE_EXTERNAL_STORAGE" />
37-->src/main/AndroidManifest.xml:32:5-81
37-->src/main/AndroidManifest.xml:32:22-78
38    <uses-permission android:name="android.permission.FOREGROUND_SERVICE" />
38-->src/main/AndroidManifest.xml:33:5-77
38-->src/main/AndroidManifest.xml:33:22-74
39    <uses-permission android:name="android.permission.FOREGROUND_SERVICE_MICROPHONE" />
39-->src/main/AndroidManifest.xml:34:5-88
39-->src/main/AndroidManifest.xml:34:22-85
40    <uses-permission android:name="android.permission.FOREGROUND_SERVICE_CAMERA" />
40-->src/main/AndroidManifest.xml:35:5-84
40-->src/main/AndroidManifest.xml:35:22-81
41
42    <permission
42-->[androidx.core:core:1.13.1] AndroidManifest.xml:22:5-24:47
43        android:name="com.riversongai.riversong.DYNAMIC_RECEIVER_NOT_EXPORTED_PERMISSION"
43-->[androidx.core:core:1.13.1] AndroidManifest.xml:23:9-81
44        android:protectionLevel="signature" />
44-->[androidx.core:core:1.13.1] AndroidManifest.xml:24:9-44
45
46    <uses-permission android:name="com.riversongai.riversong.DYNAMIC_RECEIVER_NOT_EXPORTED_PERMISSION" />
46-->[androidx.core:core:1.13.1] AndroidManifest.xml:26:5-97
46-->[androidx.core:core:1.13.1] AndroidManifest.xml:26:22-94
47
48    <application
48-->src/main/AndroidManifest.xml:37:5-61:19
49        android:name="com.riversongai.App"
49-->src/main/AndroidManifest.xml:38:9-28
50        android:allowBackup="true"
50-->src/main/AndroidManifest.xml:39:9-35
51        android:appComponentFactory="androidx.core.app.CoreComponentFactory"
51-->[androidx.core:core:1.13.1] AndroidManifest.xml:28:18-86
52        android:dataExtractionRules="@xml/data_extraction_rules"
52-->src/main/AndroidManifest.xml:40:9-65
53        android:debuggable="true"
54        android:extractNativeLibs="false"
55        android:fullBackupContent="@xml/backup_rules"
55-->src/main/AndroidManifest.xml:41:9-54
56        android:icon="@mipmap/ic_launcher"
56-->src/main/AndroidManifest.xml:42:9-43
57        android:label="@string/app_name"
57-->src/main/AndroidManifest.xml:43:9-41
58        android:networkSecurityConfig="@xml/network_security_config"
58-->src/main/AndroidManifest.xml:47:9-69
59        android:roundIcon="@mipmap/ic_launcher_round"
59-->src/main/AndroidManifest.xml:44:9-54
60        android:supportsRtl="true"
60-->src/main/AndroidManifest.xml:45:9-35
61        android:theme="@style/Theme.RiverSong"
61-->src/main/AndroidManifest.xml:46:9-47
62        android:usesCleartextTraffic="false" >
62-->src/main/AndroidManifest.xml:48:9-45
63        <activity
63-->src/main/AndroidManifest.xml:51:9-59:20
64            android:name="com.riversongai.ui.MainActivity"
64-->src/main/AndroidManifest.xml:52:13-44
65            android:exported="true"
65-->src/main/AndroidManifest.xml:53:13-36
66            android:theme="@style/Theme.RiverSong" >
66-->src/main/AndroidManifest.xml:54:13-51
67            <intent-filter>
67-->src/main/AndroidManifest.xml:55:13-58:29
68                <action android:name="android.intent.action.MAIN" />
68-->src/main/AndroidManifest.xml:56:17-69
68-->src/main/AndroidManifest.xml:56:25-66
69
70                <category android:name="android.intent.category.LAUNCHER" />
70-->src/main/AndroidManifest.xml:57:17-77
70-->src/main/AndroidManifest.xml:57:27-74
71            </intent-filter>
72        </activity>
73
74        <provider
74-->[androidx.emoji2:emoji2:1.2.0] AndroidManifest.xml:24:9-32:20
75            android:name="androidx.startup.InitializationProvider"
75-->[androidx.emoji2:emoji2:1.2.0] AndroidManifest.xml:25:13-67
76            android:authorities="com.riversongai.riversong.androidx-startup"
76-->[androidx.emoji2:emoji2:1.2.0] AndroidManifest.xml:26:13-68
77            android:exported="false" >
77-->[androidx.emoji2:emoji2:1.2.0] AndroidManifest.xml:27:13-37
78            <meta-data
78-->[androidx.emoji2:emoji2:1.2.0] AndroidManifest.xml:29:13-31:52
79                android:name="androidx.emoji2.text.EmojiCompatInitializer"
79-->[androidx.emoji2:emoji2:1.2.0] AndroidManifest.xml:30:17-75
80                android:value="androidx.startup" />
80-->[androidx.emoji2:emoji2:1.2.0] AndroidManifest.xml:31:17-49
81            <meta-data
81-->[androidx.lifecycle:lifecycle-process:2.7.0] AndroidManifest.xml:29:13-31:52
82                android:name="androidx.lifecycle.ProcessLifecycleInitializer"
82-->[androidx.lifecycle:lifecycle-process:2.7.0] AndroidManifest.xml:30:17-78
83                android:value="androidx.startup" />
83-->[androidx.lifecycle:lifecycle-process:2.7.0] AndroidManifest.xml:31:17-49
84            <meta-data
84-->[androidx.profileinstaller:profileinstaller:1.3.0] AndroidManifest.xml:29:13-31:52
85                android:name="androidx.profileinstaller.ProfileInstallerInitializer"
85-->[androidx.profileinstaller:profileinstaller:1.3.0] AndroidManifest.xml:30:17-85
86                android:value="androidx.startup" />
86-->[androidx.profileinstaller:profileinstaller:1.3.0] AndroidManifest.xml:31:17-49
87        </provider>
88
89        <uses-library
89-->[androidx.window:window:1.0.0] AndroidManifest.xml:25:9-27:40
90            android:name="androidx.window.extensions"
90-->[androidx.window:window:1.0.0] AndroidManifest.xml:26:13-54
91            android:required="false" />
91-->[androidx.window:window:1.0.0] AndroidManifest.xml:27:13-37
92        <uses-library
92-->[androidx.window:window:1.0.0] AndroidManifest.xml:28:9-30:40
93            android:name="androidx.window.sidecar"
93-->[androidx.window:window:1.0.0] AndroidManifest.xml:29:13-51
94            android:required="false" />
94-->[androidx.window:window:1.0.0] AndroidManifest.xml:30:13-37
95
96        <receiver
96-->[androidx.profileinstaller:profileinstaller:1.3.0] AndroidManifest.xml:34:9-52:20
97            android:name="androidx.profileinstaller.ProfileInstallReceiver"
97-->[androidx.profileinstaller:profileinstaller:1.3.0] AndroidManifest.xml:35:13-76
98            android:directBootAware="false"
98-->[androidx.profileinstaller:profileinstaller:1.3.0] AndroidManifest.xml:36:13-44
99            android:enabled="true"
99-->[androidx.profileinstaller:profileinstaller:1.3.0] AndroidManifest.xml:37:13-35
100            android:exported="true"
100-->[androidx.profileinstaller:profileinstaller:1.3.0] AndroidManifest.xml:38:13-36
101            android:permission="android.permission.DUMP" >
101-->[androidx.profileinstaller:profileinstaller:1.3.0] AndroidManifest.xml:39:13-57
102            <intent-filter>
102-->[androidx.profileinstaller:profileinstaller:1.3.0] AndroidManifest.xml:40:13-42:29
103                <action android:name="androidx.profileinstaller.action.INSTALL_PROFILE" />
103-->[androidx.profileinstaller:profileinstaller:1.3.0] AndroidManifest.xml:41:17-91
103-->[androidx.profileinstaller:profileinstaller:1.3.0] AndroidManifest.xml:41:25-88
104            </intent-filter>
105            <intent-filter>
105-->[androidx.profileinstaller:profileinstaller:1.3.0] AndroidManifest.xml:43:13-45:29
106                <action android:name="androidx.profileinstaller.action.SKIP_FILE" />
106-->[androidx.profileinstaller:profileinstaller:1.3.0] AndroidManifest.xml:44:17-85
106-->[androidx.profileinstaller:profileinstaller:1.3.0] AndroidManifest.xml:44:25-82
107            </intent-filter>
108            <intent-filter>
108-->[androidx.profileinstaller:profileinstaller:1.3.0] AndroidManifest.xml:46:13-48:29
109                <action android:name="androidx.profileinstaller.action.SAVE_PROFILE" />
109-->[androidx.profileinstaller:profileinstaller:1.3.0] AndroidManifest.xml:47:17-88
109-->[androidx.profileinstaller:profileinstaller:1.3.0] AndroidManifest.xml:47:25-85
110            </intent-filter>
111            <intent-filter>
111-->[androidx.profileinstaller:profileinstaller:1.3.0] AndroidManifest.xml:49:13-51:29
112                <action android:name="androidx.profileinstaller.action.BENCHMARK_OPERATION" />
112-->[androidx.profileinstaller:profileinstaller:1.3.0] AndroidManifest.xml:50:17-95
112-->[androidx.profileinstaller:profileinstaller:1.3.0] AndroidManifest.xml:50:25-92
113            </intent-filter>
114        </receiver>
115    </application>
116
117</manifest>